Started
Fichier password2.lst ouvert 
Dechiffrement en cours hash : 8921e73e4a8386250ab50928c98299f07ef29fcc
Déchiffré : princess01, encodage : SHA-1, hash : 8921e73e4a8386250ab50928c98299f07ef29fcc
Dechiffrement en cours hash : 68238cd792d215bdfdddc7bbb6d10db4
Déchiffré : parrot, encodage : MD5, hash : 68238cd792d215bdfdddc7bbb6d10db4
Dechiffrement en cours hash : 5bee6bcf8d8bf2de9af329178e3b076911752899f3b6fcaf5056639c631a72a5
Déchiffré : ducky, encodage : SHA-256, hash : 5bee6bcf8d8bf2de9af329178e3b076911752899f3b6fcaf5056639c631a72a5
Dechiffrement en cours hash : c0d78992de341611560bc7d528159001
Déchiffré : rasmu, encodage : MD5, hash : c0d78992de341611560bc7d528159001
Started
Fichier password.lst ouvert 
Dechiffrement en cours hash : 721a9b52bfceacc503c056e3b9b93cfa
brute_force : FAIL 
Started
Fichier password.lst ouvert 
Dechiffrement en cours hash : 721a9b52bfceacc503c056e3b9b93cfa
brute_force : FAIL 
Started
Fichier password.lst ouvert 
Dechiffrement en cours hash : 721a9b52bfceacc503c056e3b9b93cfa
brute_force : FAIL 
Started
Fichier password.lst ouvert 
Dechiffrement en cours hash : 721a9b52bfceacc503c056e3b9b93cfa
brute_force : FAIL 
Started
Fichier password.lst ouvert 
Dechiffrement en cours hash : 721a9b52bfceacc503c056e3b9b93cfa
brute_force : FAIL 
Started
Fichier password.lst ouvert 
Dechiffrement en cours hash : 5e884898da28047151d0e56f8dc6292773603d0d6aabbdd62a11ef721d1542d8
Déchiffré : password, encodage : SHA-256, hash : 5e884898da28047151d0e56f8dc6292773603d0d6aabbdd62a11ef721d1542d8
Started
Fichier password.lst ouvert 
Dechiffrement en cours hash : 110812f67fa1e1f0117f6f3d70241c1a42a7b07711a93c2477cc516d9042f9db
brute_force : FAIL 
